==3826== Memcheck, a memory error detector
==3826== Copyright (C) 2002-2022, and GNU GPL'd, by Julian Seward et al.
==3826== Using Valgrind-3.22.0 and LibVEX; rerun with -h for copyright info
==3826== Command: ./insecure_app
==3826== 
==3826== Invalid write of size 4
==3826==    at 0x48D9146: __vfscanf_internal (vfscanf-internal.c:1976)
==3826==    by 0x48C8EC5: __isoc99_scanf (isoc99_scanf.c:30)
==3826==    by 0x10937C: sum_numbers (insecure_app.c:46)
==3826==    by 0x10942C: main (insecure_app.c:64)
==3826==  Address 0x4a7e8cc is 0 bytes after a block of size 12 alloc'd
==3826==    at 0x4846828: malloc (in /usr/libexec/valgrind/vgpreload_memcheck-amd64-linux.so)
==3826==    by 0x10930D: sum_numbers (insecure_app.c:36)
==3826==    by 0x10942C: main (insecure_app.c:64)
==3826== 
==3826== 
==3826== HEAP SUMMARY:
==3826==     in use at exit: 0 bytes in 0 blocks
==3826==   total heap usage: 3 allocs, 3 frees, 2,060 bytes allocated
==3826== 
==3826== All heap blocks were freed -- no leaks are possible
==3826== 
==3826== For lists of detected and suppressed errors, rerun with: -s
==3826== ERROR SUMMARY: 1 errors from 1 contexts (suppressed: 0 from 0)
